<?xml version="1.0" encoding="UTF-8"?>
<!-- Generated by org.testng.reporters.JUnitReportReporter -->
<testsuite skipped="0" hostname="SAG-2MMLKG3" name="com.faceBookTestCases.FaceBookTest" tests="2" failures="0" timestamp="25 Jan 2022 18:45:05 GMT" time="21.707" errors="0">
  <testcase name="loginUser" time="3.788" classname="com.faceBookTestCases.FaceBookTest"/>
  <testcase name="postStatus" time="17.919" classname="com.faceBookTestCases.FaceBookTest"/>
</testsuite> <!-- com.faceBookTestCases.FaceBookTest -->
